# 2026-05-06T10:52:59.786
# `/Users/vm/.julia/juliaup/julia-1.12.2+0.aarch64.apple.darwin14/bin/julia -C native -J/Users/vm/.julia/juliaup/julia-1.12.2+0.aarch64.apple.darwin14/lib/julia/sys.dylib -g1 '--project=/Users/vm/INI_code/Julia II/' '/Users/vm/INI_code/Julia II/scripts/run_pam_clusters.jl' --aberrator=skull --activity-mode=static --boundary-threshold-ratios=0.6,0.65,0.7 --cavitation-model=harmonic-cos --cluster-model=vascular --clusters-mm=45:0 --dropout-probability=0.0 --frequency-jitter-percent=1 --harmonic-amplitudes=1.0,0.6,0.3 --harmonics=2,3,4 '--out-dir=/Users/vm/INI_code/Julia II/outputs/20260506_103348_pam_aperture_sweep/04_aperture_apfull_dropout0p0_seed42/run' --random-seed=42 --receiver-aperture-mm=full --recon-bandwidth-khz=500 --recon-hop-us=10 --recon-min-window-energy-ratio=0.001 --recon-window-us=20 --skull-transducer-distance-mm=30 --slice-index=250 --source-phase-mode=random_phase_per_window --t-max-us=500 --transverse-mm=102.4 --vascular-length-mm=12 --vascular-topology=squiggle`
WARNING:root:Highest prime factors in each dimension are [11 23]
WARNING:root:Use dimension sizes with lower prime factors to improve speed
┌───────────────────────────────────────────────────────────────┐
│                   kspaceFirstOrder-OMP v1.3                   │
├───────────────────────────────────────────────────────────────┤
│ Reading simulation configuration:                        Done │
│ Number of CPU threads:                                     12 │
│ Processor name:                                               │
├───────────────────────────────────────────────────────────────┤
│                      Simulation details                       │
├───────────────────────────────────────────────────────────────┤
│ Domain dimensions:                                  440 x 552 │
│ Medium type:                                               2D │
│ Simulation time steps:                                  25000 │
├───────────────────────────────────────────────────────────────┤
│                        Initialization                         │
├───────────────────────────────────────────────────────────────┤
│ Memory allocation:                                       Done │
│ Data loading:                                            Done │
│ Elapsed time:                                           0.01s │
├───────────────────────────────────────────────────────────────┤
│ FFT plans creation:                                      Done │
│ Pre-processing phase:                                    Done │
│ Elapsed time:                                           0.02s │
├───────────────────────────────────────────────────────────────┤
│                    Computational resources                    │
├───────────────────────────────────────────────────────────────┤
│ Current host memory in use:                        37396515758MB │
│ Expected output file size:                               48MB │
├───────────────────────────────────────────────────────────────┤
│                          Simulation                           │
├──────────┬────────────────┬──────────────┬────────────────────┤
│ Progress │  Elapsed time  │  Time to go  │  Est. finish time  │
├──────────┼────────────────┼──────────────┼────────────────────┤
│     0%   │        0.009s  │    114.277s  │  06/05/26 10:55:28 │
│     5%   │        4.911s  │     93.160s  │  06/05/26 10:55:12 │
│    10%   │        9.784s  │     87.978s  │  06/05/26 10:55:11 │
│    15%   │       14.669s  │     83.073s  │  06/05/26 10:55:12 │
│    20%   │       19.548s  │     78.152s  │  06/05/26 10:55:12 │
│    25%   │       24.429s  │     73.255s  │  06/05/26 10:55:12 │
│    30%   │       29.304s  │     68.350s  │  06/05/26 10:55:12 │
│    35%   │       34.192s  │     63.477s  │  06/05/26 10:55:12 │
│    40%   │       39.060s  │     58.571s  │  06/05/26 10:55:11 │
│    45%   │       43.928s  │     53.672s  │  06/05/26 10:55:11 │
│    50%   │       48.811s  │     48.796s  │  06/05/26 10:55:11 │
│    55%   │       53.689s  │     43.913s  │  06/05/26 10:55:11 │
│    60%   │       58.567s  │     39.032s  │  06/05/26 10:55:12 │
│    65%   │       63.462s  │     34.160s  │  06/05/26 10:55:12 │
│    70%   │       68.684s  │     29.425s  │  06/05/26 10:55:12 │
│    75%   │       73.571s  │     24.513s  │  06/05/26 10:55:12 │
│    80%   │       79.592s  │     19.888s  │  06/05/26 10:55:13 │
│    85%   │       84.529s  │     14.908s  │  06/05/26 10:55:13 │
│    90%   │       88.720s  │      9.849s  │  06/05/26 10:55:12 │
│    95%   │       92.854s  │      4.879s  │  06/05/26 10:55:11 │
├──────────┴────────────────┴──────────────┴────────────────────┤
│ Elapsed time:                                          97.15s │
├───────────────────────────────────────────────────────────────┤
│ Sampled data post-processing:                            Done │
│ Elapsed time:                                           0.00s │
├───────────────────────────────────────────────────────────────┤
│                            Summary                            │
├───────────────────────────────────────────────────────────────┤
│ Peak memory in use:                                6163735480MB │
├───────────────────────────────────────────────────────────────┤
│ Total execution time:                                  97.20s │
├───────────────────────────────────────────────────────────────┤
│                       End of computation                      │
└───────────────────────────────────────────────────────────────┘
  Activating project at `~/INI_code/Julia II`
┌ Info: reading DICOM series
└   dicom_dir = "/Users/vm/INI_code/Ultrasound/DIRU_20240404_human_skull_phase_correction_1_2_(skull_Normal)/DICOM/PAT_0000/STD_0000/SER_0002/OBJ_0001"
┌ Info: cropping ROI
│   index_xyz = (170, 190, 400)
└   size_xyz = (705, 360, 450)
┌ Info: resampling x/y only
│   spacing_x_mm = 0.201171875
│   spacing_y_mm = 0.201171875
└   new_spacing_xy_mm = 0.2
Saved PAM cluster outputs to /Users/vm/INI_code/Julia II/outputs/20260506_103348_pam_aperture_sweep/04_aperture_apfull_dropout0p0_seed42/run
