# 2026-05-06T10:57:39.949
# `/Users/vm/.julia/juliaup/julia-1.12.2+0.aarch64.apple.darwin14/bin/julia -C native -J/Users/vm/.julia/juliaup/julia-1.12.2+0.aarch64.apple.darwin14/lib/julia/sys.dylib -g1 '--project=/Users/vm/INI_code/Julia II/' '/Users/vm/INI_code/Julia II/scripts/run_pam_clusters.jl' --aberrator=skull --activity-mode=static --boundary-threshold-ratios=0.6,0.65,0.7 --cavitation-model=harmonic-cos --cluster-model=vascular --clusters-mm=45:0 --dropout-probability=0.0 --frequency-jitter-percent=1 --harmonic-amplitudes=1.0,0.6,0.3 --harmonics=2,3,4 '--out-dir=/Users/vm/INI_code/Julia II/outputs/20260506_103348_pam_aperture_sweep/05_aperture_ap40_dropout0p0_seed42/run' --random-seed=42 --receiver-aperture-mm=40 --recon-bandwidth-khz=500 --recon-hop-us=10 --recon-min-window-energy-ratio=0.001 --recon-window-us=20 --skull-transducer-distance-mm=30 --slice-index=250 --source-phase-mode=random_phase_per_window --t-max-us=500 --transverse-mm=102.4 --vascular-length-mm=12 --vascular-topology=squiggle`
WARNING:root:Highest prime factors in each dimension are [11 23]
WARNING:root:Use dimension sizes with lower prime factors to improve speed
┌───────────────────────────────────────────────────────────────┐
│                   kspaceFirstOrder-OMP v1.3                   │
├───────────────────────────────────────────────────────────────┤
│ Reading simulation configuration:                        Done │
│ Number of CPU threads:                                     12 │
│ Processor name:                                               │
├───────────────────────────────────────────────────────────────┤
│                      Simulation details                       │
├───────────────────────────────────────────────────────────────┤
│ Domain dimensions:                                  440 x 552 │
│ Medium type:                                               2D │
│ Simulation time steps:                                  25000 │
├───────────────────────────────────────────────────────────────┤
│                        Initialization                         │
├───────────────────────────────────────────────────────────────┤
│ Memory allocation:                                       Done │
│ Data loading:                                            Done │
│ Elapsed time:                                           0.00s │
├───────────────────────────────────────────────────────────────┤
│ FFT plans creation:                                      Done │
│ Pre-processing phase:                                    Done │
│ Elapsed time:                                           0.02s │
├───────────────────────────────────────────────────────────────┤
│                    Computational resources                    │
├───────────────────────────────────────────────────────────────┤
│ Current host memory in use:                        33604834222MB │
│ Expected output file size:                               19MB │
├───────────────────────────────────────────────────────────────┤
│                          Simulation                           │
├──────────┬────────────────┬──────────────┬────────────────────┤
│ Progress │  Elapsed time  │  Time to go  │  Est. finish time  │
├──────────┼────────────────┼──────────────┼────────────────────┤
│     0%   │        0.007s  │     87.606s  │  06/05/26 10:59:29 │
│     5%   │        3.656s  │     69.347s  │  06/05/26 10:59:15 │
│    10%   │        7.295s  │     65.596s  │  06/05/26 10:59:14 │
│    15%   │       10.919s  │     61.837s  │  06/05/26 10:59:14 │
│    20%   │       14.536s  │     58.117s  │  06/05/26 10:59:15 │
│    25%   │       18.377s  │     55.107s  │  06/05/26 10:59:16 │
│    30%   │       22.228s  │     51.845s  │  06/05/26 10:59:15 │
│    35%   │       25.976s  │     48.224s  │  06/05/26 10:59:16 │
│    40%   │       29.719s  │     44.564s  │  06/05/26 10:59:16 │
│    45%   │       33.479s  │     40.905s  │  06/05/26 10:59:16 │
│    50%   │       37.220s  │     37.208s  │  06/05/26 10:59:16 │
│    55%   │       40.999s  │     33.534s  │  06/05/26 10:59:16 │
│    60%   │       44.724s  │     29.806s  │  06/05/26 10:59:16 │
│    65%   │       48.446s  │     26.077s  │  06/05/26 10:59:17 │
│    70%   │       52.162s  │     22.347s  │  06/05/26 10:59:16 │
│    75%   │       55.931s  │     18.636s  │  06/05/26 10:59:16 │
│    80%   │       59.664s  │     14.909s  │  06/05/26 10:59:16 │
│    85%   │       63.381s  │     11.178s  │  06/05/26 10:59:17 │
│    90%   │       67.100s  │      7.449s  │  06/05/26 10:59:16 │
│    95%   │       70.820s  │      3.721s  │  06/05/26 10:59:16 │
├──────────┴────────────────┴──────────────┴────────────────────┤
│ Elapsed time:                                          74.54s │
├───────────────────────────────────────────────────────────────┤
│ Sampled data post-processing:                            Done │
│ Elapsed time:                                           0.00s │
├───────────────────────────────────────────────────────────────┤
│                            Summary                            │
├───────────────────────────────────────────────────────────────┤
│ Peak memory in use:                                6125167544MB │
├───────────────────────────────────────────────────────────────┤
│ Total execution time:                                  74.58s │
├───────────────────────────────────────────────────────────────┤
│                       End of computation                      │
└───────────────────────────────────────────────────────────────┘
  Activating project at `~/INI_code/Julia II`
┌ Info: reading DICOM series
└   dicom_dir = "/Users/vm/INI_code/Ultrasound/DIRU_20240404_human_skull_phase_correction_1_2_(skull_Normal)/DICOM/PAT_0000/STD_0000/SER_0002/OBJ_0001"
┌ Info: cropping ROI
│   index_xyz = (170, 190, 400)
└   size_xyz = (705, 360, 450)
┌ Info: resampling x/y only
│   spacing_x_mm = 0.201171875
│   spacing_y_mm = 0.201171875
└   new_spacing_xy_mm = 0.2
Saved PAM cluster outputs to /Users/vm/INI_code/Julia II/outputs/20260506_103348_pam_aperture_sweep/05_aperture_ap40_dropout0p0_seed42/run
