# 2026-05-06T10:40:14.364
# `/Users/vm/.julia/juliaup/julia-1.12.2+0.aarch64.apple.darwin14/bin/julia -C native -J/Users/vm/.julia/juliaup/julia-1.12.2+0.aarch64.apple.darwin14/lib/julia/sys.dylib -g1 '--project=/Users/vm/INI_code/Julia II/' '/Users/vm/INI_code/Julia II/scripts/run_pam_clusters.jl' --aberrator=skull --activity-mode=static --boundary-threshold-ratios=0.6,0.65,0.7 --cavitation-model=harmonic-cos --cluster-model=vascular --clusters-mm=45:0 --dropout-probability=0.0 --frequency-jitter-percent=1 --harmonic-amplitudes=1.0,0.6,0.3 --harmonics=2,3,4 '--out-dir=/Users/vm/INI_code/Julia II/outputs/20260506_103348_pam_aperture_sweep/02_aperture_ap60_dropout0p0_seed42/run' --random-seed=42 --receiver-aperture-mm=60 --recon-bandwidth-khz=500 --recon-hop-us=10 --recon-min-window-energy-ratio=0.001 --recon-window-us=20 --skull-transducer-distance-mm=30 --slice-index=250 --source-phase-mode=random_phase_per_window --t-max-us=500 --transverse-mm=102.4 --vascular-length-mm=12 --vascular-topology=squiggle`
WARNING:root:Highest prime factors in each dimension are [11 23]
WARNING:root:Use dimension sizes with lower prime factors to improve speed
┌───────────────────────────────────────────────────────────────┐
│                   kspaceFirstOrder-OMP v1.3                   │
├───────────────────────────────────────────────────────────────┤
│ Reading simulation configuration:                        Done │
│ Number of CPU threads:                                     12 │
│ Processor name:                                               │
├───────────────────────────────────────────────────────────────┤
│                      Simulation details                       │
├───────────────────────────────────────────────────────────────┤
│ Domain dimensions:                                  440 x 552 │
│ Medium type:                                               2D │
│ Simulation time steps:                                  25000 │
├───────────────────────────────────────────────────────────────┤
│                        Initialization                         │
├───────────────────────────────────────────────────────────────┤
│ Memory allocation:                                       Done │
│ Data loading:                                            Done │
│ Elapsed time:                                           0.01s │
├───────────────────────────────────────────────────────────────┤
│ FFT plans creation:                                      Done │
│ Pre-processing phase:                                    Done │
│ Elapsed time:                                           0.02s │
├───────────────────────────────────────────────────────────────┤
│                    Computational resources                    │
├───────────────────────────────────────────────────────────────┤
│ Current host memory in use:                        34275969966MB │
│ Expected output file size:                               28MB │
├───────────────────────────────────────────────────────────────┤
│                          Simulation                           │
├──────────┬────────────────┬──────────────┬────────────────────┤
│ Progress │  Elapsed time  │  Time to go  │  Est. finish time  │
├──────────┼────────────────┼──────────────┼────────────────────┤
│     0%   │        0.010s  │    124.227s  │  06/05/26 10:42:55 │
│     5%   │        4.930s  │     93.513s  │  06/05/26 10:42:29 │
│    10%   │        9.815s  │     88.254s  │  06/05/26 10:42:28 │
│    15%   │       14.701s  │     83.256s  │  06/05/26 10:42:28 │
│    20%   │       19.596s  │     78.345s  │  06/05/26 10:42:28 │
│    25%   │       24.494s  │     73.451s  │  06/05/26 10:42:28 │
│    30%   │       29.382s  │     68.532s  │  06/05/26 10:42:28 │
│    35%   │       34.270s  │     63.621s  │  06/05/26 10:42:28 │
│    40%   │       39.202s  │     58.784s  │  06/05/26 10:42:28 │
│    45%   │       44.097s  │     53.879s  │  06/05/26 10:42:28 │
│    50%   │       48.988s  │     48.973s  │  06/05/26 10:42:28 │
│    55%   │       53.895s  │     44.082s  │  06/05/26 10:42:28 │
│    60%   │       58.774s  │     39.170s  │  06/05/26 10:42:28 │
│    65%   │       63.653s  │     34.263s  │  06/05/26 10:42:28 │
│    70%   │       68.544s  │     29.365s  │  06/05/26 10:42:28 │
│    75%   │       73.432s  │     24.467s  │  06/05/26 10:42:28 │
│    80%   │       78.319s  │     19.570s  │  06/05/26 10:42:28 │
│    85%   │       83.201s  │     14.673s  │  06/05/26 10:42:28 │
│    90%   │       88.082s  │      9.778s  │  06/05/26 10:42:28 │
│    95%   │       92.966s  │      4.885s  │  06/05/26 10:42:28 │
├──────────┴────────────────┴──────────────┴────────────────────┤
│ Elapsed time:                                          97.85s │
├───────────────────────────────────────────────────────────────┤
│ Sampled data post-processing:                            Done │
│ Elapsed time:                                           0.00s │
├───────────────────────────────────────────────────────────────┤
│                            Summary                            │
├───────────────────────────────────────────────────────────────┤
│ Peak memory in use:                                6158230456MB │
├───────────────────────────────────────────────────────────────┤
│ Total execution time:                                  97.90s │
├───────────────────────────────────────────────────────────────┤
│                       End of computation                      │
└───────────────────────────────────────────────────────────────┘
  Activating project at `~/INI_code/Julia II`
┌ Info: reading DICOM series
└   dicom_dir = "/Users/vm/INI_code/Ultrasound/DIRU_20240404_human_skull_phase_correction_1_2_(skull_Normal)/DICOM/PAT_0000/STD_0000/SER_0002/OBJ_0001"
┌ Info: cropping ROI
│   index_xyz = (170, 190, 400)
└   size_xyz = (705, 360, 450)
┌ Info: resampling x/y only
│   spacing_x_mm = 0.201171875
│   spacing_y_mm = 0.201171875
└   new_spacing_xy_mm = 0.2
Saved PAM cluster outputs to /Users/vm/INI_code/Julia II/outputs/20260506_103348_pam_aperture_sweep/02_aperture_ap60_dropout0p0_seed42/run
