# 2026-05-06T11:01:45.071
# `/Users/vm/.julia/juliaup/julia-1.12.2+0.aarch64.apple.darwin14/bin/julia -C native -J/Users/vm/.julia/juliaup/julia-1.12.2+0.aarch64.apple.darwin14/lib/julia/sys.dylib -g1 '--project=/Users/vm/INI_code/Julia II/' '/Users/vm/INI_code/Julia II/scripts/run_pam_clusters.jl' --aberrator=skull --activity-mode=static --boundary-threshold-ratios=0.6,0.65,0.7 --cavitation-model=harmonic-cos --cluster-model=vascular --clusters-mm=45:0 --dropout-probability=0.0 --frequency-jitter-percent=1 --harmonic-amplitudes=1.0,0.6,0.3 --harmonics=2,3,4 '--out-dir=/Users/vm/INI_code/Julia II/outputs/20260506_103348_pam_aperture_sweep/06_aperture_ap30_dropout0p0_seed42/run' --random-seed=42 --receiver-aperture-mm=30 --recon-bandwidth-khz=500 --recon-hop-us=10 --recon-min-window-energy-ratio=0.001 --recon-window-us=20 --skull-transducer-distance-mm=30 --slice-index=250 --source-phase-mode=random_phase_per_window --t-max-us=500 --transverse-mm=102.4 --vascular-length-mm=12 --vascular-topology=squiggle`
WARNING:root:Highest prime factors in each dimension are [11 23]
WARNING:root:Use dimension sizes with lower prime factors to improve speed
┌───────────────────────────────────────────────────────────────┐
│                   kspaceFirstOrder-OMP v1.3                   │
├───────────────────────────────────────────────────────────────┤
│ Reading simulation configuration:                        Done │
│ Number of CPU threads:                                     12 │
│ Processor name:                                               │
├───────────────────────────────────────────────────────────────┤
│                      Simulation details                       │
├───────────────────────────────────────────────────────────────┤
│ Domain dimensions:                                  440 x 552 │
│ Medium type:                                               2D │
│ Simulation time steps:                                  25000 │
├───────────────────────────────────────────────────────────────┤
│                        Initialization                         │
├───────────────────────────────────────────────────────────────┤
│ Memory allocation:                                       Done │
│ Data loading:                                            Done │
│ Elapsed time:                                           0.00s │
├───────────────────────────────────────────────────────────────┤
│ FFT plans creation:                                      Done │
│ Pre-processing phase:                                    Done │
│ Elapsed time:                                           0.02s │
├───────────────────────────────────────────────────────────────┤
│                    Computational resources                    │
├───────────────────────────────────────────────────────────────┤
│ Current host memory in use:                        45411767726MB │
│ Expected output file size:                               14MB │
├───────────────────────────────────────────────────────────────┤
│                          Simulation                           │
├──────────┬────────────────┬──────────────┬────────────────────┤
│ Progress │  Elapsed time  │  Time to go  │  Est. finish time  │
├──────────┼────────────────┼──────────────┼────────────────────┤
│     0%   │        0.009s  │    106.290s  │  06/05/26 11:03:53 │
│     5%   │        3.699s  │     70.159s  │  06/05/26 11:03:21 │
│    10%   │        7.510s  │     67.527s  │  06/05/26 11:03:21 │
│    15%   │       11.344s  │     64.241s  │  06/05/26 11:03:22 │
│    20%   │       15.059s  │     60.205s  │  06/05/26 11:03:22 │
│    25%   │       18.752s  │     56.233s  │  06/05/26 11:03:22 │
│    30%   │       22.411s  │     52.272s  │  06/05/26 11:03:21 │
│    35%   │       26.093s  │     48.441s  │  06/05/26 11:03:21 │
│    40%   │       29.770s  │     44.640s  │  06/05/26 11:03:21 │
│    45%   │       33.420s  │     40.833s  │  06/05/26 11:03:20 │
│    50%   │       37.064s  │     37.052s  │  06/05/26 11:03:21 │
│    55%   │       40.687s  │     33.279s  │  06/05/26 11:03:21 │
│    60%   │       44.545s  │     29.687s  │  06/05/26 11:03:20 │
│    65%   │       48.388s  │     26.046s  │  06/05/26 11:03:21 │
│    70%   │       52.250s  │     22.384s  │  06/05/26 11:03:21 │
│    75%   │       56.112s  │     18.696s  │  06/05/26 11:03:21 │
│    80%   │       59.917s  │     14.972s  │  06/05/26 11:03:21 │
│    85%   │       63.585s  │     11.214s  │  06/05/26 11:03:21 │
│    90%   │       67.235s  │      7.464s  │  06/05/26 11:03:21 │
│    95%   │       70.873s  │      3.724s  │  06/05/26 11:03:21 │
├──────────┴────────────────┴──────────────┴────────────────────┤
│ Elapsed time:                                          74.70s │
├───────────────────────────────────────────────────────────────┤
│ Sampled data post-processing:                            Done │
│ Elapsed time:                                           0.00s │
├───────────────────────────────────────────────────────────────┤
│                            Summary                            │
├───────────────────────────────────────────────────────────────┤
│ Peak memory in use:                                6089188280MB │
├───────────────────────────────────────────────────────────────┤
│ Total execution time:                                  74.74s │
├───────────────────────────────────────────────────────────────┤
│                       End of computation                      │
└───────────────────────────────────────────────────────────────┘
  Activating project at `~/INI_code/Julia II`
┌ Info: reading DICOM series
└   dicom_dir = "/Users/vm/INI_code/Ultrasound/DIRU_20240404_human_skull_phase_correction_1_2_(skull_Normal)/DICOM/PAT_0000/STD_0000/SER_0002/OBJ_0001"
┌ Info: cropping ROI
│   index_xyz = (170, 190, 400)
└   size_xyz = (705, 360, 450)
┌ Info: resampling x/y only
│   spacing_x_mm = 0.201171875
│   spacing_y_mm = 0.201171875
└   new_spacing_xy_mm = 0.2
Saved PAM cluster outputs to /Users/vm/INI_code/Julia II/outputs/20260506_103348_pam_aperture_sweep/06_aperture_ap30_dropout0p0_seed42/run
