# 2026-05-06T10:33:49.067
# `/Users/vm/.julia/juliaup/julia-1.12.2+0.aarch64.apple.darwin14/bin/julia -C native -J/Users/vm/.julia/juliaup/julia-1.12.2+0.aarch64.apple.darwin14/lib/julia/sys.dylib -g1 '--project=/Users/vm/INI_code/Julia II/' '/Users/vm/INI_code/Julia II/scripts/run_pam_clusters.jl' --aberrator=skull --activity-mode=static --boundary-threshold-ratios=0.6,0.65,0.7 --cavitation-model=harmonic-cos --cluster-model=vascular --clusters-mm=45:0 --dropout-probability=0.0 --frequency-jitter-percent=1 --harmonic-amplitudes=1.0,0.6,0.3 --harmonics=2,3,4 '--out-dir=/Users/vm/INI_code/Julia II/outputs/20260506_103348_pam_aperture_sweep/01_aperture_ap50_dropout0p0_seed42/run' --random-seed=42 --receiver-aperture-mm=50 --recon-bandwidth-khz=500 --recon-hop-us=10 --recon-min-window-energy-ratio=0.001 --recon-window-us=20 --skull-transducer-distance-mm=30 --slice-index=250 --source-phase-mode=random_phase_per_window --t-max-us=500 --transverse-mm=102.4 --vascular-length-mm=12 --vascular-topology=squiggle`
WARNING:root:Highest prime factors in each dimension are [11 23]
WARNING:root:Use dimension sizes with lower prime factors to improve speed
┌───────────────────────────────────────────────────────────────┐
│                   kspaceFirstOrder-OMP v1.3                   │
├───────────────────────────────────────────────────────────────┤
│ Reading simulation configuration:                        Done │
│ Number of CPU threads:                                     12 │
│ Processor name:                                               │
├───────────────────────────────────────────────────────────────┤
│                      Simulation details                       │
├───────────────────────────────────────────────────────────────┤
│ Domain dimensions:                                  440 x 552 │
│ Medium type:                                               2D │
│ Simulation time steps:                                  25000 │
├───────────────────────────────────────────────────────────────┤
│                        Initialization                         │
├───────────────────────────────────────────────────────────────┤
│ Memory allocation:                                       Done │
│ Data loading:                                            Done │
│ Elapsed time:                                           0.01s │
├───────────────────────────────────────────────────────────────┤
│ FFT plans creation:                                      Done │
│ Pre-processing phase:                                    Done │
│ Elapsed time:                                           0.02s │
├───────────────────────────────────────────────────────────────┤
│                    Computational resources                    │
├───────────────────────────────────────────────────────────────┤
│ Current host memory in use:                        46758188462MB │
│ Expected output file size:                               23MB │
├───────────────────────────────────────────────────────────────┤
│                          Simulation                           │
├──────────┬────────────────┬──────────────┬────────────────────┤
│ Progress │  Elapsed time  │  Time to go  │  Est. finish time  │
├──────────┼────────────────┼──────────────┼────────────────────┤
│     0%   │        0.010s  │    126.426s  │  06/05/26 10:36:29 │
│     5%   │        5.039s  │     95.589s  │  06/05/26 10:36:03 │
│    10%   │        9.987s  │     89.799s  │  06/05/26 10:36:02 │
│    15%   │       14.958s  │     84.707s  │  06/05/26 10:36:02 │
│    20%   │       20.258s  │     80.993s  │  06/05/26 10:36:03 │
│    25%   │       25.152s  │     75.423s  │  06/05/26 10:36:03 │
│    30%   │       30.026s  │     70.035s  │  06/05/26 10:36:03 │
│    35%   │       34.893s  │     64.778s  │  06/05/26 10:36:02 │
│    40%   │       39.760s  │     59.619s  │  06/05/26 10:36:01 │
│    45%   │       44.650s  │     54.554s  │  06/05/26 10:36:01 │
│    50%   │       49.545s  │     49.529s  │  06/05/26 10:36:01 │
│    55%   │       54.417s  │     44.509s  │  06/05/26 10:36:01 │
│    60%   │       59.292s  │     39.515s  │  06/05/26 10:36:01 │
│    65%   │       64.173s  │     34.543s  │  06/05/26 10:36:01 │
│    70%   │       69.051s  │     29.582s  │  06/05/26 10:36:01 │
│    75%   │       74.236s  │     24.735s  │  06/05/26 10:36:01 │
│    80%   │       79.072s  │     19.758s  │  06/05/26 10:36:01 │
│    85%   │       83.977s  │     14.810s  │  06/05/26 10:36:01 │
│    90%   │       88.792s  │      9.857s  │  06/05/26 10:36:01 │
│    95%   │       93.536s  │      4.915s  │  06/05/26 10:36:00 │
├──────────┴────────────────┴──────────────┴────────────────────┤
│ Elapsed time:                                          98.25s │
├───────────────────────────────────────────────────────────────┤
│ Sampled data post-processing:                            Done │
│ Elapsed time:                                           0.00s │
├───────────────────────────────────────────────────────────────┤
│                            Summary                            │
├───────────────────────────────────────────────────────────────┤
│ Peak memory in use:                                6134162360MB │
├───────────────────────────────────────────────────────────────┤
│ Total execution time:                                  98.30s │
├───────────────────────────────────────────────────────────────┤
│                       End of computation                      │
└───────────────────────────────────────────────────────────────┘
  Activating project at `~/INI_code/Julia II`
┌ Info: reading DICOM series
└   dicom_dir = "/Users/vm/INI_code/Ultrasound/DIRU_20240404_human_skull_phase_correction_1_2_(skull_Normal)/DICOM/PAT_0000/STD_0000/SER_0002/OBJ_0001"
┌ Info: cropping ROI
│   index_xyz = (170, 190, 400)
└   size_xyz = (705, 360, 450)
┌ Info: resampling x/y only
│   spacing_x_mm = 0.201171875
│   spacing_y_mm = 0.201171875
└   new_spacing_xy_mm = 0.2
Saved PAM cluster outputs to /Users/vm/INI_code/Julia II/outputs/20260506_103348_pam_aperture_sweep/01_aperture_ap50_dropout0p0_seed42/run
