# 2026-05-06T11:05:50.234
# `/Users/vm/.julia/juliaup/julia-1.12.2+0.aarch64.apple.darwin14/bin/julia -C native -J/Users/vm/.julia/juliaup/julia-1.12.2+0.aarch64.apple.darwin14/lib/julia/sys.dylib -g1 '--project=/Users/vm/INI_code/Julia II/' '/Users/vm/INI_code/Julia II/scripts/run_pam_clusters.jl' --aberrator=skull --activity-mode=static --boundary-threshold-ratios=0.6,0.65,0.7 --cavitation-model=harmonic-cos --cluster-model=vascular --clusters-mm=45:0 --dropout-probability=0.0 --frequency-jitter-percent=1 --harmonic-amplitudes=1.0,0.6,0.3 --harmonics=2,3,4 '--out-dir=/Users/vm/INI_code/Julia II/outputs/20260506_103348_pam_aperture_sweep/07_aperture_ap20_dropout0p0_seed42/run' --random-seed=42 --receiver-aperture-mm=20 --recon-bandwidth-khz=500 --recon-hop-us=10 --recon-min-window-energy-ratio=0.001 --recon-window-us=20 --skull-transducer-distance-mm=30 --slice-index=250 --source-phase-mode=random_phase_per_window --t-max-us=500 --transverse-mm=102.4 --vascular-length-mm=12 --vascular-topology=squiggle`
WARNING:root:Highest prime factors in each dimension are [11 23]
WARNING:root:Use dimension sizes with lower prime factors to improve speed
┌───────────────────────────────────────────────────────────────┐
│                   kspaceFirstOrder-OMP v1.3                   │
├───────────────────────────────────────────────────────────────┤
│ Reading simulation configuration:                        Done │
│ Number of CPU threads:                                     12 │
│ Processor name:                                               │
├───────────────────────────────────────────────────────────────┤
│                      Simulation details                       │
├───────────────────────────────────────────────────────────────┤
│ Domain dimensions:                                  440 x 552 │
│ Medium type:                                               2D │
│ Simulation time steps:                                  25000 │
├───────────────────────────────────────────────────────────────┤
│                        Initialization                         │
├───────────────────────────────────────────────────────────────┤
│ Memory allocation:                                       Done │
│ Data loading:                                            Done │
│ Elapsed time:                                           0.00s │
├───────────────────────────────────────────────────────────────┤
│ FFT plans creation:                                      Done │
│ Pre-processing phase:                                    Done │
│ Elapsed time:                                           0.02s │
├───────────────────────────────────────────────────────────────┤
│                    Computational resources                    │
├───────────────────────────────────────────────────────────────┤
│ Current host memory in use:                        52026248622MB │
│ Expected output file size:                                9MB │
├───────────────────────────────────────────────────────────────┤
│                          Simulation                           │
├──────────┬────────────────┬──────────────┬────────────────────┤
│ Progress │  Elapsed time  │  Time to go  │  Est. finish time  │
├──────────┼────────────────┼──────────────┼────────────────────┤
│     0%   │        0.006s  │     80.332s  │  06/05/26 11:07:32 │
│     5%   │        3.735s  │     70.850s  │  06/05/26 11:07:26 │
│    10%   │        7.490s  │     67.354s  │  06/05/26 11:07:27 │
│    15%   │       11.211s  │     63.489s  │  06/05/26 11:07:27 │
│    20%   │       14.935s  │     59.710s  │  06/05/26 11:07:26 │
│    25%   │       18.720s  │     56.137s  │  06/05/26 11:07:27 │
│    30%   │       22.608s  │     52.733s  │  06/05/26 11:07:27 │
│    35%   │       26.378s  │     48.971s  │  06/05/26 11:07:27 │
│    40%   │       30.105s  │     45.142s  │  06/05/26 11:07:28 │
│    45%   │       33.858s  │     41.369s  │  06/05/26 11:07:27 │
│    50%   │       37.575s  │     37.563s  │  06/05/26 11:07:27 │
│    55%   │       41.299s  │     33.779s  │  06/05/26 11:07:27 │
│    60%   │       45.017s  │     30.001s  │  06/05/26 11:07:27 │
│    65%   │       48.763s  │     26.248s  │  06/05/26 11:07:27 │
│    70%   │       52.497s  │     22.490s  │  06/05/26 11:07:27 │
│    75%   │       56.237s  │     18.738s  │  06/05/26 11:07:27 │
│    80%   │       59.972s  │     14.986s  │  06/05/26 11:07:26 │
│    85%   │       63.722s  │     11.238s  │  06/05/26 11:07:27 │
│    90%   │       67.445s  │      7.487s  │  06/05/26 11:07:27 │
│    95%   │       71.165s  │      3.739s  │  06/05/26 11:07:27 │
├──────────┴────────────────┴──────────────┴────────────────────┤
│ Elapsed time:                                          74.88s │
├───────────────────────────────────────────────────────────────┤
│ Sampled data post-processing:                            Done │
│ Elapsed time:                                           0.00s │
├───────────────────────────────────────────────────────────────┤
│                            Summary                            │
├───────────────────────────────────────────────────────────────┤
│ Peak memory in use:                                6098068408MB │
├───────────────────────────────────────────────────────────────┤
│ Total execution time:                                  74.92s │
├───────────────────────────────────────────────────────────────┤
│                       End of computation                      │
└───────────────────────────────────────────────────────────────┘
  Activating project at `~/INI_code/Julia II`
┌ Info: reading DICOM series
└   dicom_dir = "/Users/vm/INI_code/Ultrasound/DIRU_20240404_human_skull_phase_correction_1_2_(skull_Normal)/DICOM/PAT_0000/STD_0000/SER_0002/OBJ_0001"
┌ Info: cropping ROI
│   index_xyz = (170, 190, 400)
└   size_xyz = (705, 360, 450)
┌ Info: resampling x/y only
│   spacing_x_mm = 0.201171875
│   spacing_y_mm = 0.201171875
└   new_spacing_xy_mm = 0.2
Saved PAM cluster outputs to /Users/vm/INI_code/Julia II/outputs/20260506_103348_pam_aperture_sweep/07_aperture_ap20_dropout0p0_seed42/run
