# 2026-05-06T11:09:55.352
# `/Users/vm/.julia/juliaup/julia-1.12.2+0.aarch64.apple.darwin14/bin/julia -C native -J/Users/vm/.julia/juliaup/julia-1.12.2+0.aarch64.apple.darwin14/lib/julia/sys.dylib -g1 '--project=/Users/vm/INI_code/Julia II/' '/Users/vm/INI_code/Julia II/scripts/run_pam_clusters.jl' --aberrator=skull --activity-mode=static --boundary-threshold-ratios=0.6,0.65,0.7 --cavitation-model=harmonic-cos --cluster-model=vascular --clusters-mm=45:0 --dropout-probability=0.25 --frequency-jitter-percent=1 --harmonic-amplitudes=1.0,0.6,0.3 --harmonics=2,3,4 '--out-dir=/Users/vm/INI_code/Julia II/outputs/20260506_103348_pam_aperture_sweep/08_aperture_ap50_dropout0p25_seed42/run' --random-seed=42 --receiver-aperture-mm=50 --recon-bandwidth-khz=500 --recon-hop-us=10 --recon-min-window-energy-ratio=0.001 --recon-window-us=20 --skull-transducer-distance-mm=30 --slice-index=250 --source-phase-mode=random_phase_per_window --t-max-us=500 --transverse-mm=102.4 --vascular-length-mm=12 --vascular-topology=squiggle`
WARNING:root:Highest prime factors in each dimension are [11 23]
WARNING:root:Use dimension sizes with lower prime factors to improve speed
┌───────────────────────────────────────────────────────────────┐
│                   kspaceFirstOrder-OMP v1.3                   │
├───────────────────────────────────────────────────────────────┤
│ Reading simulation configuration:                        Done │
│ Number of CPU threads:                                     12 │
│ Processor name:                                               │
├───────────────────────────────────────────────────────────────┤
│                      Simulation details                       │
├───────────────────────────────────────────────────────────────┤
│ Domain dimensions:                                  440 x 552 │
│ Medium type:                                               2D │
│ Simulation time steps:                                  25000 │
├───────────────────────────────────────────────────────────────┤
│                        Initialization                         │
├───────────────────────────────────────────────────────────────┤
│ Memory allocation:                                       Done │
│ Data loading:                                            Done │
│ Elapsed time:                                           0.01s │
├───────────────────────────────────────────────────────────────┤
│ FFT plans creation:                                      Done │
│ Pre-processing phase:                                    Done │
│ Elapsed time:                                           0.02s │
├───────────────────────────────────────────────────────────────┤
│                    Computational resources                    │
├───────────────────────────────────────────────────────────────┤
│ Current host memory in use:                        36020769710MB │
│ Expected output file size:                               23MB │
├───────────────────────────────────────────────────────────────┤
│                          Simulation                           │
├──────────┬────────────────┬──────────────┬────────────────────┤
│ Progress │  Elapsed time  │  Time to go  │  Est. finish time  │
├──────────┼────────────────┼──────────────┼────────────────────┤
│     0%   │        0.009s  │    116.065s  │  06/05/26 11:12:13 │
│     5%   │        3.926s  │     74.472s  │  06/05/26 11:11:35 │
│    10%   │        7.628s  │     68.590s  │  06/05/26 11:11:33 │
│    15%   │       11.497s  │     65.111s  │  06/05/26 11:11:34 │
│    20%   │       15.279s  │     61.086s  │  06/05/26 11:11:34 │
│    25%   │       19.027s  │     57.058s  │  06/05/26 11:11:33 │
│    30%   │       22.835s  │     53.262s  │  06/05/26 11:11:33 │
│    35%   │       26.488s  │     49.175s  │  06/05/26 11:11:33 │
│    40%   │       30.133s  │     45.184s  │  06/05/26 11:11:32 │
│    45%   │       34.007s  │     41.551s  │  06/05/26 11:11:32 │
│    50%   │       37.727s  │     37.715s  │  06/05/26 11:11:32 │
│    55%   │       41.676s  │     34.087s  │  06/05/26 11:11:33 │
│    60%   │       45.470s  │     30.304s  │  06/05/26 11:11:33 │
│    65%   │       49.323s  │     26.549s  │  06/05/26 11:11:33 │
│    70%   │       53.000s  │     22.705s  │  06/05/26 11:11:32 │
│    75%   │       56.615s  │     18.864s  │  06/05/26 11:11:32 │
│    80%   │       60.251s  │     15.055s  │  06/05/26 11:11:33 │
│    85%   │       63.878s  │     11.265s  │  06/05/26 11:11:32 │
│    90%   │       67.697s  │      7.515s  │  06/05/26 11:11:32 │
│    95%   │       71.330s  │      3.748s  │  06/05/26 11:11:32 │
├──────────┴────────────────┴──────────────┴────────────────────┤
│ Elapsed time:                                          75.08s │
├───────────────────────────────────────────────────────────────┤
│ Sampled data post-processing:                            Done │
│ Elapsed time:                                           0.00s │
├───────────────────────────────────────────────────────────────┤
│                            Summary                            │
├───────────────────────────────────────────────────────────────┤
│ Peak memory in use:                                6097904568MB │
├───────────────────────────────────────────────────────────────┤
│ Total execution time:                                  75.12s │
├───────────────────────────────────────────────────────────────┤
│                       End of computation                      │
└───────────────────────────────────────────────────────────────┘
  Activating project at `~/INI_code/Julia II`
┌ Info: reading DICOM series
└   dicom_dir = "/Users/vm/INI_code/Ultrasound/DIRU_20240404_human_skull_phase_correction_1_2_(skull_Normal)/DICOM/PAT_0000/STD_0000/SER_0002/OBJ_0001"
┌ Info: cropping ROI
│   index_xyz = (170, 190, 400)
└   size_xyz = (705, 360, 450)
┌ Info: resampling x/y only
│   spacing_x_mm = 0.201171875
│   spacing_y_mm = 0.201171875
└   new_spacing_xy_mm = 0.2
Saved PAM cluster outputs to /Users/vm/INI_code/Julia II/outputs/20260506_103348_pam_aperture_sweep/08_aperture_ap50_dropout0p25_seed42/run
