# 2026-05-06T10:46:39.540
# `/Users/vm/.julia/juliaup/julia-1.12.2+0.aarch64.apple.darwin14/bin/julia -C native -J/Users/vm/.julia/juliaup/julia-1.12.2+0.aarch64.apple.darwin14/lib/julia/sys.dylib -g1 '--project=/Users/vm/INI_code/Julia II/' '/Users/vm/INI_code/Julia II/scripts/run_pam_clusters.jl' --aberrator=skull --activity-mode=static --boundary-threshold-ratios=0.6,0.65,0.7 --cavitation-model=harmonic-cos --cluster-model=vascular --clusters-mm=45:0 --dropout-probability=0.0 --frequency-jitter-percent=1 --harmonic-amplitudes=1.0,0.6,0.3 --harmonics=2,3,4 '--out-dir=/Users/vm/INI_code/Julia II/outputs/20260506_103348_pam_aperture_sweep/03_aperture_ap100_dropout0p0_seed42/run' --random-seed=42 --receiver-aperture-mm=100 --recon-bandwidth-khz=500 --recon-hop-us=10 --recon-min-window-energy-ratio=0.001 --recon-window-us=20 --skull-transducer-distance-mm=30 --slice-index=250 --source-phase-mode=random_phase_per_window --t-max-us=500 --transverse-mm=102.4 --vascular-length-mm=12 --vascular-topology=squiggle`
WARNING:root:Highest prime factors in each dimension are [11 23]
WARNING:root:Use dimension sizes with lower prime factors to improve speed
┌───────────────────────────────────────────────────────────────┐
│                   kspaceFirstOrder-OMP v1.3                   │
├───────────────────────────────────────────────────────────────┤
│ Reading simulation configuration:                        Done │
│ Number of CPU threads:                                     12 │
│ Processor name:                                               │
├───────────────────────────────────────────────────────────────┤
│                      Simulation details                       │
├───────────────────────────────────────────────────────────────┤
│ Domain dimensions:                                  440 x 552 │
│ Medium type:                                               2D │
│ Simulation time steps:                                  25000 │
├───────────────────────────────────────────────────────────────┤
│                        Initialization                         │
├───────────────────────────────────────────────────────────────┤
│ Memory allocation:                                       Done │
│ Data loading:                                            Done │
│ Elapsed time:                                           0.00s │
├───────────────────────────────────────────────────────────────┤
│ FFT plans creation:                                      Done │
│ Pre-processing phase:                                    Done │
│ Elapsed time:                                           0.02s │
├───────────────────────────────────────────────────────────────┤
│                    Computational resources                    │
├───────────────────────────────────────────────────────────────┤
│ Current host memory in use:                        47261471662MB │
│ Expected output file size:                               47MB │
├───────────────────────────────────────────────────────────────┤
│                          Simulation                           │
├──────────┬────────────────┬──────────────┬────────────────────┤
│ Progress │  Elapsed time  │  Time to go  │  Est. finish time  │
├──────────┼────────────────┼──────────────┼────────────────────┤
│     0%   │        0.009s  │    118.467s  │  06/05/26 10:49:12 │
│     5%   │        4.928s  │     93.468s  │  06/05/26 10:48:52 │
│    10%   │        9.820s  │     88.303s  │  06/05/26 10:48:52 │
│    15%   │       14.696s  │     83.222s  │  06/05/26 10:48:52 │
│    20%   │       19.572s  │     78.249s  │  06/05/26 10:48:52 │
│    25%   │       24.458s  │     73.343s  │  06/05/26 10:48:52 │
│    30%   │       29.366s  │     68.494s  │  06/05/26 10:48:52 │
│    35%   │       34.243s  │     63.571s  │  06/05/26 10:48:52 │
│    40%   │       39.123s  │     58.665s  │  06/05/26 10:48:52 │
│    45%   │       44.004s  │     53.765s  │  06/05/26 10:48:51 │
│    50%   │       48.860s  │     48.844s  │  06/05/26 10:48:51 │
│    55%   │       53.746s  │     43.960s  │  06/05/26 10:48:51 │
│    60%   │       58.627s  │     39.072s  │  06/05/26 10:48:52 │
│    65%   │       63.494s  │     34.177s  │  06/05/26 10:48:52 │
│    70%   │       68.379s  │     29.294s  │  06/05/26 10:48:52 │
│    75%   │       73.273s  │     24.414s  │  06/05/26 10:48:52 │
│    80%   │       78.149s  │     19.528s  │  06/05/26 10:48:52 │
│    85%   │       83.026s  │     14.642s  │  06/05/26 10:48:51 │
│    90%   │       87.917s  │      9.760s  │  06/05/26 10:48:51 │
│    95%   │       92.806s  │      4.876s  │  06/05/26 10:48:51 │
├──────────┴────────────────┴──────────────┴────────────────────┤
│ Elapsed time:                                          97.68s │
├───────────────────────────────────────────────────────────────┤
│ Sampled data post-processing:                            Done │
│ Elapsed time:                                           0.00s │
├───────────────────────────────────────────────────────────────┤
│                            Summary                            │
├───────────────────────────────────────────────────────────────┤
│ Peak memory in use:                                6166913976MB │
├───────────────────────────────────────────────────────────────┤
│ Total execution time:                                  97.73s │
├───────────────────────────────────────────────────────────────┤
│                       End of computation                      │
└───────────────────────────────────────────────────────────────┘
  Activating project at `~/INI_code/Julia II`
┌ Info: reading DICOM series
└   dicom_dir = "/Users/vm/INI_code/Ultrasound/DIRU_20240404_human_skull_phase_correction_1_2_(skull_Normal)/DICOM/PAT_0000/STD_0000/SER_0002/OBJ_0001"
┌ Info: cropping ROI
│   index_xyz = (170, 190, 400)
└   size_xyz = (705, 360, 450)
┌ Info: resampling x/y only
│   spacing_x_mm = 0.201171875
│   spacing_y_mm = 0.201171875
└   new_spacing_xy_mm = 0.2
Saved PAM cluster outputs to /Users/vm/INI_code/Julia II/outputs/20260506_103348_pam_aperture_sweep/03_aperture_ap100_dropout0p0_seed42/run
